c:\users\kiyeonj\references\dlib-18.15\face_detect\dlib\release\vc120.pdb
c:\users\kiyeonj\references\dlib-18.15\face_detect\dlib\release\jdcolor.obj
c:\users\kiyeonj\references\dlib-18.15\face_detect\dlib\release\jcapimin.obj
c:\users\kiyeonj\references\dlib-18.15\face_detect\dlib\release\pngrtran.obj
c:\users\kiyeonj\references\dlib-18.15\face_detect\dlib\release\pngrio.obj
c:\users\kiyeonj\references\dlib-18.15\face_detect\dlib\release\pngread.obj
c:\users\kiyeonj\references\dlib-18.15\face_detect\dlib\release\pngpread.obj
c:\users\kiyeonj\references\dlib-18.15\face_detect\dlib\release\pngmem.obj
c:\users\kiyeonj\references\dlib-18.15\face_detect\dlib\release\pngget.obj
c:\users\kiyeonj\references\dlib-18.15\face_detect\dlib\release\pngerror.obj
c:\users\kiyeonj\references\dlib-18.15\face_detect\dlib\release\png.obj
c:\users\kiyeonj\references\dlib-18.15\face_detect\dlib\release\inftrees.obj
c:\users\kiyeonj\references\dlib-18.15\face_detect\dlib\release\inflate.obj
c:\users\kiyeonj\references\dlib-18.15\face_detect\dlib\release\inffast.obj
c:\users\kiyeonj\references\dlib-18.15\face_detect\dlib\release\infback.obj
c:\users\kiyeonj\references\dlib-18.15\face_detect\dlib\release\gzwrite.obj
c:\users\kiyeonj\references\dlib-18.15\face_detect\dlib\release\gzread.obj
c:\users\kiyeonj\references\dlib-18.15\face_detect\dlib\release\gzlib.obj
c:\users\kiyeonj\references\dlib-18.15\face_detect\dlib\release\gzclose.obj
c:\users\kiyeonj\references\dlib-18.15\face_detect\dlib\release\deflate.obj
c:\users\kiyeonj\references\dlib-18.15\face_detect\dlib\release\crc32.obj
c:\users\kiyeonj\references\dlib-18.15\face_detect\dlib\release\compress.obj
c:\users\kiyeonj\references\dlib-18.15\face_detect\dlib\release\adler32.obj
c:\users\kiyeonj\references\dlib-18.15\face_detect\dlib\release\zutil.obj
c:\users\kiyeonj\references\dlib-18.15\face_detect\dlib\release\uncompr.obj
c:\users\kiyeonj\references\dlib-18.15\face_detect\dlib\release\trees.obj
c:\users\kiyeonj\references\dlib-18.15\face_detect\dlib\release\pngwutil.obj
c:\users\kiyeonj\references\dlib-18.15\face_detect\dlib\release\pngwtran.obj
c:\users\kiyeonj\references\dlib-18.15\face_detect\dlib\release\pngwrite.obj
c:\users\kiyeonj\references\dlib-18.15\face_detect\dlib\release\pngwio.obj
c:\users\kiyeonj\references\dlib-18.15\face_detect\dlib\release\pngtrans.obj
c:\users\kiyeonj\references\dlib-18.15\face_detect\dlib\release\pngset.obj
c:\users\kiyeonj\references\dlib-18.15\face_detect\dlib\release\pngrutil.obj
c:\users\kiyeonj\references\dlib-18.15\face_detect\dlib\release\jdcoefct.obj
c:\users\kiyeonj\references\dlib-18.15\face_detect\dlib\release\jdatasrc.obj
c:\users\kiyeonj\references\dlib-18.15\face_detect\dlib\release\jdatadst.obj
c:\users\kiyeonj\references\dlib-18.15\face_detect\dlib\release\jdapistd.obj
c:\users\kiyeonj\references\dlib-18.15\face_detect\dlib\release\jdapimin.obj
c:\users\kiyeonj\references\dlib-18.15\face_detect\dlib\release\jcsample.obj
c:\users\kiyeonj\references\dlib-18.15\face_detect\dlib\release\jcprepct.obj
c:\users\kiyeonj\references\dlib-18.15\face_detect\dlib\release\jcphuff.obj
c:\users\kiyeonj\references\dlib-18.15\face_detect\dlib\release\jcparam.obj
c:\users\kiyeonj\references\dlib-18.15\face_detect\dlib\release\jcomapi.obj
c:\users\kiyeonj\references\dlib-18.15\face_detect\dlib\release\jcmaster.obj
c:\users\kiyeonj\references\dlib-18.15\face_detect\dlib\release\jcmarker.obj
c:\users\kiyeonj\references\dlib-18.15\face_detect\dlib\release\jcmainct.obj
c:\users\kiyeonj\references\dlib-18.15\face_detect\dlib\release\jcinit.obj
c:\users\kiyeonj\references\dlib-18.15\face_detect\dlib\release\jchuff.obj
c:\users\kiyeonj\references\dlib-18.15\face_detect\dlib\release\jcdctmgr.obj
c:\users\kiyeonj\references\dlib-18.15\face_detect\dlib\release\jccolor.obj
c:\users\kiyeonj\references\dlib-18.15\face_detect\dlib\release\jccoefct.obj
c:\users\kiyeonj\references\dlib-18.15\face_detect\dlib\release\jcapistd.obj
c:\users\kiyeonj\references\dlib-18.15\face_detect\dlib\release\jmemmgr.obj
c:\users\kiyeonj\references\dlib-18.15\face_detect\dlib\release\jidctred.obj
c:\users\kiyeonj\references\dlib-18.15\face_detect\dlib\release\jidctint.obj
c:\users\kiyeonj\references\dlib-18.15\face_detect\dlib\release\jidctfst.obj
c:\users\kiyeonj\references\dlib-18.15\face_detect\dlib\release\jidctflt.obj
c:\users\kiyeonj\references\dlib-18.15\face_detect\dlib\release\jfdctint.obj
c:\users\kiyeonj\references\dlib-18.15\face_detect\dlib\release\jfdctfst.obj
c:\users\kiyeonj\references\dlib-18.15\face_detect\dlib\release\jfdctflt.obj
c:\users\kiyeonj\references\dlib-18.15\face_detect\dlib\release\jerror.obj
c:\users\kiyeonj\references\dlib-18.15\face_detect\dlib\release\jdsample.obj
c:\users\kiyeonj\references\dlib-18.15\face_detect\dlib\release\jdpostct.obj
c:\users\kiyeonj\references\dlib-18.15\face_detect\dlib\release\jdphuff.obj
c:\users\kiyeonj\references\dlib-18.15\face_detect\dlib\release\jdmerge.obj
c:\users\kiyeonj\references\dlib-18.15\face_detect\dlib\release\jdmaster.obj
c:\users\kiyeonj\references\dlib-18.15\face_detect\dlib\release\jdmarker.obj
c:\users\kiyeonj\references\dlib-18.15\face_detect\dlib\release\jdmainct.obj
c:\users\kiyeonj\references\dlib-18.15\face_detect\dlib\release\jdinput.obj
c:\users\kiyeonj\references\dlib-18.15\face_detect\dlib\release\jdhuff.obj
c:\users\kiyeonj\references\dlib-18.15\face_detect\dlib\release\jddctmgr.obj
c:\users\kiyeonj\references\dlib-18.15\face_detect\dlib\release\source.obj
c:\users\kiyeonj\references\dlib-18.15\face_detect\dlib\release\jutils.obj
c:\users\kiyeonj\references\dlib-18.15\face_detect\dlib\release\jquant2.obj
c:\users\kiyeonj\references\dlib-18.15\face_detect\dlib\release\jquant1.obj
c:\users\kiyeonj\references\dlib-18.15\face_detect\dlib\release\jmemnobs.obj
c:\users\kiyeonj\references\dlib-18.15\face_detect\release\dlib.lib
c:\users\kiyeonj\references\dlib-18.15\face_detect\dlib\release\dlib.tlog\cl.command.1.tlog
c:\users\kiyeonj\references\dlib-18.15\face_detect\dlib\release\dlib.tlog\cl.read.1.tlog
c:\users\kiyeonj\references\dlib-18.15\face_detect\dlib\release\dlib.tlog\cl.write.1.tlog
c:\users\kiyeonj\references\dlib-18.15\face_detect\dlib\release\dlib.tlog\lib-link.read.1.tlog
c:\users\kiyeonj\references\dlib-18.15\face_detect\dlib\release\dlib.tlog\lib-link.write.1.tlog
c:\users\kiyeonj\references\dlib-18.15\face_detect\dlib\release\dlib.tlog\lib.command.1.tlog
