Build started 2015-05-22 오전 10:42:19.
     1>Project "C:\Users\kiyeonj\references\dlib-18.15\face_detect\dlib\dlib.vcxproj" on node 2 (Rebuild target(s)).
     1>ClCompile:
         C:\Program Files (x86)\Microsoft Visual Studio 12.0\VC\bin\CL.exe /c /I"C:\Users\kiyeonj\references\dlib-18.15\dlib\all" /I"C:\Users\kiyeonj\references\dlib-18.15\face_detect\dlib" /Zi /nologo /W3 /WX- /O2 /Oi /Oy- /GL /D WIN32 /D NDEBUG /D _LIB /D DLIB_PNG_SUPPORT /D DLIB_JPEG_SUPPORT /D _UNICODE /D UNICODE /Gm- /EHsc /MD /GS /Gy /fp:precise /Zc:wchar_t /Zc:forScope /Fo"Release\\" /Fd"Release\vc120.pdb" /Gd /TC /analyze- /errorReport:prompt adler32.c compress.c crc32.c deflate.c gzclose.c gzlib.c gzread.c gzwrite.c infback.c inffast.c inflate.c inftrees.c png.c pngerror.c pngget.c pngmem.c pngpread.c pngread.c pngrio.c pngrtran.c pngrutil.c pngset.c pngtrans.c pngwio.c pngwrite.c pngwtran.c pngwutil.c trees.c uncompr.c zutil.c
         adler32.c
         compress.c
         crc32.c
         deflate.c
         gzclose.c
         gzlib.c
         gzread.c
         gzwrite.c
         infback.c
         inffast.c
         inflate.c
         inftrees.c
         png.c
         pngerror.c
         pngget.c
         pngmem.c
         pngpread.c
         pngread.c
         pngrio.c
         pngrtran.c
         Compiling...
         pngrutil.c
         pngset.c
         pngtrans.c
         pngwio.c
         pngwrite.c
         pngwtran.c
         pngwutil.c
         trees.c
         uncompr.c
         zutil.c
         C:\Program Files (x86)\Microsoft Visual Studio 12.0\VC\bin\CL.exe /c /I"C:\Users\kiyeonj\references\dlib-18.15\dlib\all" /I"C:\Users\kiyeonj\references\dlib-18.15\face_detect\dlib" /Zi /nologo /W3 /WX- /O2 /Oi /Oy- /GL /D WIN32 /D NDEBUG /D _LIB /D DLIB_PNG_SUPPORT /D DLIB_JPEG_SUPPORT /D _UNICODE /D UNICODE /Gm- /EHsc /MD /GS /Gy /fp:precise /Zc:wchar_t /Zc:forScope /Fo"Release\\" /Fd"Release\vc120.pdb" /Gd /TP /analyze- /errorReport:prompt jcapimin.cpp jcapistd.cpp jccoefct.cpp jccolor.cpp jcdctmgr.cpp jchuff.cpp jcinit.cpp jcmainct.cpp jcmarker.cpp jcmaster.cpp jcomapi.cpp jcparam.cpp jcphuff.cpp jcprepct.cpp jcsample.cpp jdapimin.cpp jdapistd.cpp jdatadst.cpp jdatasrc.cpp jdcoefct.cpp jdcolor.cpp jddctmgr.cpp jdhuff.cpp jdinput.cpp jdmainct.cpp jdmarker.cpp jdmaster.cpp jdmerge.cpp jdphuff.cpp jdpostct.cpp jdsample.cpp jerror.cpp jfdctflt.cpp jfdctfst.cpp jfdctint.cpp jidctflt.cpp jidctfst.cpp jidctint.cpp jidctred.cpp jmemmgr.cpp jmemnobs.cpp jquant1.cpp jquant2.cpp jutils.cpp source.cpp
         jcapimin.cpp
         jcapistd.cpp
         jccoefct.cpp
         jccolor.cpp
         jcdctmgr.cpp
         jchuff.cpp
         jcinit.cpp
         jcmainct.cpp
         jcmarker.cpp
         jcmaster.cpp
         jcomapi.cpp
         jcparam.cpp
         jcphuff.cpp
         jcprepct.cpp
         jcsample.cpp
         jdapimin.cpp
         jdapistd.cpp
         jdatadst.cpp
         jdatasrc.cpp
         jdcoefct.cpp
         Compiling...
         jdcolor.cpp
         jddctmgr.cpp
         jdhuff.cpp
         jdinput.cpp
         jdmainct.cpp
         jdmarker.cpp
         jdmaster.cpp
         jdmerge.cpp
         jdphuff.cpp
         jdpostct.cpp
         jdsample.cpp
         jerror.cpp
         jfdctflt.cpp
         jfdctfst.cpp
         jfdctint.cpp
         jidctflt.cpp
         jidctfst.cpp
         jidctint.cpp
         jidctred.cpp
         jmemmgr.cpp
         Compiling...
         jmemnobs.cpp
         jquant1.cpp
         jquant2.cpp
         jutils.cpp
         source.cpp
     1>c:\users\kiyeonj\references\dlib-18.15\dlib\matrix\../general_hash/random_hashing.h(685): warning C4819: The file contains a character that cannot be represented in the current code page (949). Save the file in Unicode format to prevent data loss
       Lib:
         C:\Program Files (x86)\Microsoft Visual Studio 12.0\VC\bin\Lib.exe /OUT:"C:\Users\kiyeonj\references\dlib-18.15\face_detect\Release\dlib.lib" /NOLOGO /LTCG Release\adler32.obj
         Release\compress.obj
         Release\crc32.obj
         Release\deflate.obj
         Release\gzclose.obj
         Release\gzlib.obj
         Release\gzread.obj
         Release\gzwrite.obj
         Release\infback.obj
         Release\inffast.obj
         Release\inflate.obj
         Release\inftrees.obj
         Release\jcapimin.obj
         Release\jcapistd.obj
         Release\jccoefct.obj
         Release\jccolor.obj
         Release\jcdctmgr.obj
         Release\jchuff.obj
         Release\jcinit.obj
         Release\jcmainct.obj
         Release\jcmarker.obj
         Release\jcmaster.obj
         Release\jcomapi.obj
         Release\jcparam.obj
         Release\jcphuff.obj
         Release\jcprepct.obj
         Release\jcsample.obj
         Release\jdapimin.obj
         Release\jdapistd.obj
         Release\jdatadst.obj
         Release\jdatasrc.obj
         Release\jdcoefct.obj
         Release\jdcolor.obj
         Release\jddctmgr.obj
         Release\jdhuff.obj
         Release\jdinput.obj
         Release\jdmainct.obj
         Release\jdmarker.obj
         Release\jdmaster.obj
         Release\jdmerge.obj
         Release\jdphuff.obj
         Release\jdpostct.obj
         Release\jdsample.obj
         Release\jerror.obj
         Release\jfdctflt.obj
         Release\jfdctfst.obj
         Release\jfdctint.obj
         Release\jidctflt.obj
         Release\jidctfst.obj
         Release\jidctint.obj
         Release\jidctred.obj
         Release\jmemmgr.obj
         Release\jmemnobs.obj
         Release\jquant1.obj
         Release\jquant2.obj
         Release\jutils.obj
         Release\png.obj
         Release\pngerror.obj
         Release\pngget.obj
         Release\pngmem.obj
         Release\pngpread.obj
         Release\pngread.obj
         Release\pngrio.obj
         Release\pngrtran.obj
         Release\pngrutil.obj
         Release\pngset.obj
         Release\pngtrans.obj
         Release\pngwio.obj
         Release\pngwrite.obj
         Release\pngwtran.obj
         Release\pngwutil.obj
         Release\source.obj
         Release\trees.obj
         Release\uncompr.obj
         Release\zutil.obj
         dlib.vcxproj -> C:\Users\kiyeonj\references\dlib-18.15\face_detect\Release\dlib.lib
     1>Done Building Project "C:\Users\kiyeonj\references\dlib-18.15\face_detect\dlib\dlib.vcxproj" (Rebuild target(s)).

Build succeeded.

Time Elapsed 00:00:12.30
